  [1m[36m (1.2ms)[0m  [1mCREATE TABLE "schema_migrations" ("version" varchar NOT NULL) [0m
  [1m[35m (0.0ms)[0m  select sqlite_version(*)
  [1m[36m (1.0ms)[0m  [1mCREATE UNIQUE INDEX "unique_schema_migrations" ON "schema_migrations" ("version")[0m
  [1m[35mActiveRecord::SchemaMigration Load (0.1ms)[0m  SELECT "schema_migrations".* FROM "schema_migrations"
  [1m[36mActiveRecord::SchemaMigration Load (0.1ms)[0m  [1mSELECT "schema_migrations".* FROM "schema_migrations"[0m
Migrating to CreatePosts (20151230232412)
  [1m[35m (0.1ms)[0m  begin transaction
  [1m[36m (0.4ms)[0m  [1mCREATE TABLE "posts" ("id" INTEGER PRIMARY KEY AUTOINCREMENT NOT NULL, "title" varchar, "description" text, "created_at" datetime NOT NULL, "updated_at" datetime NOT NULL) [0m
  [1m[35mSQL (0.2ms)[0m  INSERT INTO "schema_migrations" ("version") VALUES (?)  [["version", "20151230232412"]]
  [1m[36m (1.3ms)[0m  [1mcommit transaction[0m
  [1m[35mActiveRecord::SchemaMigration Load (0.1ms)[0m  SELECT "schema_migrations".* FROM "schema_migrations"


Started GET "/posts/new" for ::1 at 2015-12-31 13:44:56 -0600
  [1m[36mActiveRecord::SchemaMigration Load (0.1ms)[0m  [1mSELECT "schema_migrations".* FROM "schema_migrations"[0m
Processing by PostsController#new as HTML
  Rendered posts/new.html.erb within layouts/application (2.1ms)
Completed 200 OK in 347ms (Views: 326.8ms | ActiveRecord: 0.2ms)


Started GET "/assets/application.self-e80e8f2318043e8af94dddc2adad5a4f09739a8ebb323b3ab31cd71d45fd9113.css?body=1" for ::1 at 2015-12-31 13:44:57 -0600


Started GET "/assets/application.self-3b8dabdc891efe46b9a144b400ad69e37d7e5876bdc39dee783419a69d7ca819.js?body=1" for ::1 at 2015-12-31 13:44:57 -0600


Started POST "/posts" for ::1 at 2015-12-31 13:45:03 -0600
Processing by PostsController#create as HTML
  Parameters: {"utf8"=>"✓", "authenticity_token"=>"mFCuNJP5reOW19phdr4zXRLzOMo4NZQ3wneiVR+RO/+owIoDiOxh24iHKkZ7DGazxbSIoRmvIOmJgA4gog1sGg==", "title"=>"Rails Introduction Quiz", "description"=>"asdfasdf", "commit"=>"Submit Post"}
  [1m[35m (0.1ms)[0m  begin transaction
  [1m[36mSQL (0.4ms)[0m  [1mINSERT INTO "posts" ("title", "description", "created_at", "updated_at") VALUES (?, ?, ?, ?)[0m  [["title", "Rails Introduction Quiz"], ["description", "asdfasdf"], ["created_at", "2015-12-31 19:45:03.614973"], ["updated_at", "2015-12-31 19:45:03.614973"]]
  [1m[35m (1.2ms)[0m  commit transaction
Redirected to http://localhost:3000/posts/1
Completed 302 Found in 22ms (ActiveRecord: 1.7ms)


Started GET "/posts/1" for ::1 at 2015-12-31 13:45:03 -0600
Processing by PostsController#show as HTML
  Parameters: {"id"=>"1"}
  [1m[36mPost Load (0.2ms)[0m  [1mSELECT  "posts".* FROM "posts" WHERE "posts"."id" = ? LIMIT 1[0m  [["id", 1]]
  Rendered posts/show.html.erb within layouts/application (0.4ms)
Completed 200 OK in 27ms (Views: 10.4ms | ActiveRecord: 0.2ms)
  [1m[35m (0.1ms)[0m  [1m[36mbegin transaction[0m
  [1m[35mSQL (1.2ms)[0m  [1m[32mINSERT INTO "posts" ("title", "description", "created_at", "updated_at") VALUES (?, ?, ?, ?)[0m  [["title", "Title Goes Here"], ["description", "Desc goes here..."], ["created_at", "2020-04-28 23:58:02.450125"], ["updated_at", "2020-04-28 23:58:02.450125"]]
  [1m[35m (5.1ms)[0m  [1m[36mcommit transaction[0m
Started GET "/" for 127.0.0.1 at 2020-04-28 17:03:09 -0700
  [1m[36mActiveRecord::SchemaMigration Load (0.2ms)[0m  [1m[34mSELECT "schema_migrations".* FROM "schema_migrations"[0m
Processing by Rails::WelcomeController#index as HTML
  Parameters: {"internal"=>true}
  Rendering /home/dragononaunicyle/.rvm/gems/ruby-2.6.1/gems/railties-5.0.7.2/lib/rails/templates/rails/welcome/index.html.erb
  Rendered /home/dragononaunicyle/.rvm/gems/ruby-2.6.1/gems/railties-5.0.7.2/lib/rails/templates/rails/welcome/index.html.erb (27.3ms)
Completed 200 OK in 175ms (Views: 85.4ms | ActiveRecord: 0.0ms)


Started GET "/posts/new" for 127.0.0.1 at 2020-04-28 17:03:25 -0700
Processing by PostsController#new as HTML
  Rendering posts/new.html.erb within layouts/application
  Rendered posts/new.html.erb within layouts/application (22.7ms)
Completed 200 OK in 574ms (Views: 560.7ms | ActiveRecord: 0.7ms)


Started POST "/posts" for 127.0.0.1 at 2020-04-28 17:04:28 -0700
Processing by PostsController#create as HTML
  Parameters: {"utf8"=>"✓", "authenticity_token"=>"+DFpOi9nZTreTNmCARRhNyiLAIRKA04YCnOt+Fa4Y2waJg6P9uwr8X9P3prpa1lPJU02bmRQ9YxNrdK1kuEOZw==", "title"=>"I Am a God", "description"=>"A talented coder...", "commit"=>"Submit Post"}
  [1m[35m (0.1ms)[0m  [1m[36mbegin transaction[0m
  [1m[35mSQL (1.2ms)[0m  [1m[32mINSERT INTO "posts" ("title", "description", "created_at", "updated_at") VALUES (?, ?, ?, ?)[0m  [["title", "I Am a God"], ["description", "A talented coder..."], ["created_at", "2020-04-29 00:04:28.913696"], ["updated_at", "2020-04-29 00:04:28.913696"]]
  [1m[35m (6.8ms)[0m  [1m[36mcommit transaction[0m
No template found for PostsController#create, rendering head :no_content
Completed 204 No Content in 64ms (ActiveRecord: 8.1ms)


Started GET "/posts/new" for 127.0.0.1 at 2020-04-28 17:05:48 -0700
Processing by PostsController#new as HTML
  Rendering posts/new.html.erb within layouts/application
  Rendered posts/new.html.erb within layouts/application (1.7ms)
Completed 200 OK in 45ms (Views: 41.4ms | ActiveRecord: 0.0ms)


Started POST "/posts" for 127.0.0.1 at 2020-04-28 17:05:50 -0700
Processing by PostsController#create as HTML
  Parameters: {"utf8"=>"✓", "authenticity_token"=>"6Edv91yV//krhXfzt19fKUIYdI+Nu3qF/cy+AlwL+sUKUAhChR6xMoqGcOtfIGdRT95CZaPowRG6EsFPmFKXzg==", "title"=>"", "description"=>"", "commit"=>"Submit Post"}
  [1m[35m (0.1ms)[0m  [1m[36mbegin transaction[0m
  [1m[35mSQL (1.0ms)[0m  [1m[32mINSERT INTO "posts" ("title", "description", "created_at", "updated_at") VALUES (?, ?, ?, ?)[0m  [["title", ""], ["description", ""], ["created_at", "2020-04-29 00:05:50.341635"], ["updated_at", "2020-04-29 00:05:50.341635"]]
  [1m[35m (18.1ms)[0m  [1m[36mcommit transaction[0m
No template found for PostsController#create, rendering head :no_content
Completed 204 No Content in 71ms (ActiveRecord: 19.2ms)


Started GET "/posts/new" for 127.0.0.1 at 2020-04-28 17:11:48 -0700
Processing by PostsController#new as HTML
  Rendering posts/new.html.erb within layouts/application
  Rendered posts/new.html.erb within layouts/application (1.6ms)
Completed 200 OK in 33ms (Views: 30.3ms | ActiveRecord: 0.0ms)


Started POST "/posts" for 127.0.0.1 at 2020-04-28 17:11:51 -0700
Processing by PostsController#create as HTML
  Parameters: {"utf8"=>"✓", "authenticity_token"=>"83UGLYqcJPO6V1ixqOeyr0xgCcXoWQdP0QQXEAB3geARYmGYUxdqOBtUX6lAmIrXQaY/L8YKvNuW2mhdxC7s6w==", "title"=>"", "description"=>"", "commit"=>"Submit Post"}
  [1m[35m (0.2ms)[0m  [1m[36mbegin transaction[0m
  [1m[35mSQL (1.7ms)[0m  [1m[32mINSERT INTO "posts" ("title", "description", "created_at", "updated_at") VALUES (?, ?, ?, ?)[0m  [["title", ""], ["description", ""], ["created_at", "2020-04-29 00:11:51.395192"], ["updated_at", "2020-04-29 00:11:51.395192"]]
  [1m[35m (21.6ms)[0m  [1m[36mcommit transaction[0m
  Rendering posts/create.html.erb within layouts/application
  Rendered posts/create.html.erb within layouts/application (0.3ms)
Completed 200 OK in 46ms (Views: 16.7ms | ActiveRecord: 23.5ms)


Started GET "/posts/new" for 127.0.0.1 at 2020-04-28 17:12:55 -0700
Processing by PostsController#new as HTML
  Rendering posts/new.html.erb within layouts/application
  Rendered posts/new.html.erb within layouts/application (1.4ms)
Completed 200 OK in 26ms (Views: 24.1ms | ActiveRecord: 0.0ms)


Started POST "/posts" for 127.0.0.1 at 2020-04-28 17:12:57 -0700
Processing by PostsController#create as HTML
  Parameters: {"utf8"=>"✓", "authenticity_token"=>"IhaWhC82cG+KMJsfKG+cGFXX6MARK5xZ9k1nXPyLOcnAAfEx9r0+pCsznAfAEKRgWBHeKj94J82xkxgRONJUwg==", "title"=>"", "description"=>"", "commit"=>"Submit Post"}
  [1m[35m (0.1ms)[0m  [1m[36mbegin transaction[0m
  [1m[35mSQL (1.1ms)[0m  [1m[32mINSERT INTO "posts" ("title", "description", "created_at", "updated_at") VALUES (?, ?, ?, ?)[0m  [["title", ""], ["description", ""], ["created_at", "2020-04-29 00:12:57.708266"], ["updated_at", "2020-04-29 00:12:57.708266"]]
  [1m[35m (49.6ms)[0m  [1m[36mcommit transaction[0m
No template found for PostsController#create, rendering head :no_content
Completed 204 No Content in 97ms (ActiveRecord: 50.8ms)


Started GET "/posts/new" for 127.0.0.1 at 2020-04-28 17:13:22 -0700
Processing by PostsController#new as HTML
  Rendering posts/new.html.erb within layouts/application
  Rendered posts/new.html.erb within layouts/application (0.7ms)
Completed 200 OK in 23ms (Views: 20.0ms | ActiveRecord: 0.0ms)


Started POST "/posts" for 127.0.0.1 at 2020-04-28 17:13:48 -0700
Processing by PostsController#create as HTML
  Parameters: {"utf8"=>"✓", "authenticity_token"=>"8Lf48PorcfolkPR0nYv3e2lX9l9iD/ihm+mpYhZnyZMSoJ9FI6A/MYST82x19M8DZJHAtUxcQzXcN9Yv0j6kmA==", "title"=>"I Am a Still God", "description"=>"Making thunder is hard...", "commit"=>"Submit Post"}
  [1m[35m (0.1ms)[0m  [1m[36mbegin transaction[0m
  [1m[35mSQL (3.1ms)[0m  [1m[32mINSERT INTO "posts" ("title", "description", "created_at", "updated_at") VALUES (?, ?, ?, ?)[0m  [["title", "I Am a Still God"], ["description", "Making thunder is hard..."], ["created_at", "2020-04-29 00:13:48.168778"], ["updated_at", "2020-04-29 00:13:48.168778"]]
  [1m[35m (34.2ms)[0m  [1m[36mcommit transaction[0m
No template found for PostsController#create, rendering head :no_content
Completed 204 No Content in 85ms (ActiveRecord: 37.4ms)


  [1m[36mPost Load (0.1ms)[0m  [1m[34mSELECT  "posts".* FROM "posts" ORDER BY "posts"."id" DESC LIMIT ?[0m  [["LIMIT", 1]]
